Arguments: 
  /Users/erguotou/.nvm/versions/node/v12.2.0/bin/node /usr/local/Cellar/yarn/1.15.2/libexec/bin/yarn.js add -D tslint

PATH: 
  /Users/erguotou/.nvm/versions/node/v12.2.0/bin:/Library/Frameworks/Python.framework/Versions/2.7/bin:/usr/local/bin:/usr/bin:/bin:/usr/sbin:/sbin:/Users/erguotou/.nvm/versions/node/v12.2.0/bin:/Library/Frameworks/Python.framework/Versions/2.7/bin:/Users/erguotou/flutter/bin:/Users/erguotou/flutter/bin

Yarn version: 
  1.15.2

Node version: 
  12.2.0

Platform: 
  darwin x64

Trace: 
  Error: https://registry.yarnpkg.com/tslint: ETIMEDOUT
      at Timeout._onTimeout (/usr/local/Cellar/yarn/1.15.2/libexec/lib/cli.js:130201:19)
      at listOnTimeout (internal/timers.js:531:17)
      at processTimers (internal/timers.js:475:7)

npm manifest: 
  {
    "scripts": {
      "test": "tsc test.ts"
    },
    "devDependencies": {
      "@types/node": "^12.6.8",
      "@types/uuid": "^3.4.5"
    },
    "dependencies": {
      "tree-kill": "^1.2.1",
      "uuid": "^3.3.2"
    }
  }

yarn manifest: 
  No manifest

Lockfile: 
  # THIS IS AN AUTOGENERATED FILE. DO NOT EDIT THIS FILE DIRECTLY.
  # yarn lockfile v1
  
  
  "@types/node@*", "@types/node@^12.6.8":
    version "12.6.8"
    resolved "https://registry.yarnpkg.com/@types/node/-/node-12.6.8.tgz#e469b4bf9d1c9832aee4907ba8a051494357c12c"
    integrity sha512-aX+gFgA5GHcDi89KG5keey2zf0WfZk/HAQotEamsK2kbey+8yGKcson0hbK8E+v0NArlCJQCqMP161YhV6ZXLg==
  
  "@types/uuid@^3.4.5":
    version "3.4.5"
    resolved "https://registry.yarnpkg.com/@types/uuid/-/uuid-3.4.5.tgz#d4dc10785b497a1474eae0ba7f0cb09c0ddfd6eb"
    integrity sha512-MNL15wC3EKyw1VLF+RoVO4hJJdk9t/Hlv3rt1OL65Qvuadm4BYo6g9ZJQqoq7X8NBFSsQXgAujWciovh2lpVjA==
    dependencies:
      "@types/node" "*"
  
  tree-kill@^1.2.1:
    version "1.2.1"
    resolved "https://registry.yarnpkg.com/tree-kill/-/tree-kill-1.2.1.tgz#5398f374e2f292b9dcc7b2e71e30a5c3bb6c743a"
    integrity sha512-4hjqbObwlh2dLyW4tcz0Ymw0ggoaVDMveUB9w8kFSQScdRLo0gxO9J7WFcUBo+W3C1TLdFIEwNOWebgZZ0RH9Q==
  
  uuid@^3.3.2:
    version "3.3.2"
    resolved "https://registry.yarnpkg.com/uuid/-/uuid-3.3.2.tgz#1b4af4955eb3077c501c23872fc6513811587131"
    integrity sha512-yXJmeNaw3DnnKAOKJE51sL/ZaYfWJRl1pK9dr19YFCu0ObS231AB1/LbqTKRAQ5kw8A90rA6fr4riOUpTZvQZA==
